# JRE version: Java(TM) SE Runtime Environment (7.0_79-b15) (build 1.7.0_79-b15)
# Java VM: Java HotSpot(TM) 64-Bit Server VM (24.79-b02 mixed mode windows-amd64 compressed oops)
Heap
 PSYoungGen      total 216064K, used 216034K [0x00000000eaa80000, 0x00000000ffe80000, 0x0000000100000000)
  eden space 162816K, 100% used [0x00000000eaa80000,0x00000000f4980000,0x00000000f4980000)
  from space 53248K, 99% used [0x00000000fca80000,0x00000000ffe789b8,0x00000000ffe80000)
  to   space 68608K, 99% used [0x00000000f7880000,0x00000000fbb78108,0x00000000fbb80000)
 ParOldGen       total 154112K, used 112144K [0x00000000c0000000, 0x00000000c9680000, 0x00000000eaa80000)
  object space 154112K, 72% used [0x00000000c0000000,0x00000000c6d94350,0x00000000c9680000)
 PSPermGen       total 21504K, used 6047K [0x00000000bae00000, 0x00000000bc300000, 0x00000000c0000000)
  object space 21504K, 28% used [0x00000000bae00000,0x00000000bb3e7c78,0x00000000bc300000)
GC Heap History (10 events):
Event: 5.750 GC heap after
Heap after GC invocations=5 (full 0):
 PSYoungGen      total 64000K, used 2560K [0x00000000eaa80000, 0x00000000f3e80000, 0x0000000100000000)
  eden space 61440K, 0% used [0x00000000eaa80000,0x00000000eaa80000,0x00000000ee680000)
  from space 2560K, 100% used [0x00000000ee680000,0x00000000ee900000,0x00000000ee900000)
  to   space 14336K, 0% used [0x00000000f3080000,0x00000000f3080000,0x00000000f3e80000)
 ParOldGen       total 39936K, used 19450K [0x00000000c0000000, 0x00000000c2700000, 0x00000000eaa80000)
  object space 39936K, 48% used [0x00000000c0000000,0x00000000c12fe878,0x00000000c2700000)
 PSPermGen       total 21504K, used 5982K [0x00000000bae00000, 0x00000000bc300000, 0x00000000c0000000)
  object space 21504K, 27% used [0x00000000bae00000,0x00000000bb3d7b98,0x00000000bc300000)
}
Event: 6.534 GC heap before
{Heap before GC invocations=6 (full 0):
 PSYoungGen      total 64000K, used 64000K [0x00000000eaa80000, 0x00000000f3e80000, 0x0000000100000000)
  eden space 61440K, 100% used [0x00000000eaa80000,0x00000000ee680000,0x00000000ee680000)
  from space 2560K, 100% used [0x00000000ee680000,0x00000000ee900000,0x00000000ee900000)
  to   space 14336K, 0% used [0x00000000f3080000,0x00000000f3080000,0x00000000f3e80000)
 ParOldGen       total 39936K, used 19450K [0x00000000c0000000, 0x00000000c2700000, 0x00000000eaa80000)
  object space 39936K, 48% used [0x00000000c0000000,0x00000000c12fe878,0x00000000c2700000)
 PSPermGen       total 21504K, used 6021K [0x00000000bae00000, 0x00000000bc300000, 0x00000000c0000000)
  object space 21504K, 28% used [0x00000000bae00000,0x00000000bb3e1778,0x00000000bc300000)
Event: 6.587 GC heap after
Heap after GC invocations=6 (full 0):
 PSYoungGen      total 135168K, used 12069K [0x00000000eaa80000, 0x00000000f4280000, 0x0000000100000000)
  eden space 120832K, 0% used [0x00000000eaa80000,0x00000000eaa80000,0x00000000f2080000)
  from space 14336K, 84% used [0x00000000f3080000,0x00000000f3c494a8,0x00000000f3e80000)
  to   space 16384K, 0% used [0x00000000f2080000,0x00000000f2080000,0x00000000f3080000)
 ParOldGen       total 39936K, used 19450K [0x00000000c0000000, 0x00000000c2700000, 0x00000000eaa80000)
  object space 39936K, 48% used [0x00000000c0000000,0x00000000c12fe878,0x00000000c2700000)
 PSPermGen       total 21504K, used 6021K [0x00000000bae00000, 0x00000000bc300000, 0x00000000c0000000)
  object space 21504K, 28% used [0x00000000bae00000,0x00000000bb3e1778,0x00000000bc300000)
}
Event: 8.490 GC heap before
{Heap before GC invocations=7 (full 0):
 PSYoungGen      total 135168K, used 132901K [0x00000000eaa80000, 0x00000000f4280000, 0x0000000100000000)
  eden space 120832K, 100% used [0x00000000eaa80000,0x00000000f2080000,0x00000000f2080000)
  from space 14336K, 84% used [0x00000000f3080000,0x00000000f3c494a8,0x00000000f3e80000)
  to   space 16384K, 0% used [0x00000000f2080000,0x00000000f2080000,0x00000000f3080000)
 ParOldGen       total 39936K, used 19450K [0x00000000c0000000, 0x00000000c2700000, 0x00000000eaa80000)
  object space 39936K, 48% used [0x00000000c0000000,0x00000000c12fe878,0x00000000c2700000)
 PSPermGen       total 21504K, used 6031K [0x00000000bae00000, 0x00000000bc300000, 0x00000000c0000000)
  object space 21504K, 28% used [0x00000000bae00000,0x00000000bb3e3e80,0x00000000bc300000)
Event: 8.594 GC heap after
Heap after GC invocations=7 (full 0):
 PSYoungGen      total 137216K, used 16352K [0x00000000eaa80000, 0x00000000ffe80000, 0x0000000100000000)
  eden space 120832K, 0% used [0x00000000eaa80000,0x00000000eaa80000,0x00000000f2080000)
  from space 16384K, 99% used [0x00000000f2080000,0x00000000f30782c0,0x00000000f3080000)
  to   space 53248K, 0% used [0x00000000fca80000,0x00000000fca80000,0x00000000ffe80000)
 ParOldGen       total 86528K, used 86417K [0x00000000c0000000, 0x00000000c5480000, 0x00000000eaa80000)
  object space 86528K, 99% used [0x00000000c0000000,0x00000000c5464758,0x00000000c5480000)
 PSPermGen       total 21504K, used 6031K [0x00000000bae00000, 0x00000000bc300000, 0x00000000c0000000)
  object space 21504K, 28% used [0x00000000bae00000,0x00000000bb3e3e80,0x00000000bc300000)
}
Event: 8.594 GC heap before
{Heap before GC invocations=8 (full 1):
 PSYoungGen      total 137216K, used 16352K [0x00000000eaa80000, 0x00000000ffe80000, 0x0000000100000000)
  eden space 120832K, 0% used [0x00000000eaa80000,0x00000000eaa80000,0x00000000f2080000)
  from space 16384K, 99% used [0x00000000f2080000,0x00000000f30782c0,0x00000000f3080000)
  to   space 53248K, 0% used [0x00000000fca80000,0x00000000fca80000,0x00000000ffe80000)
 ParOldGen       total 86528K, used 86417K [0x00000000c0000000, 0x00000000c5480000, 0x00000000eaa80000)
  object space 86528K, 99% used [0x00000000c0000000,0x00000000c5464758,0x00000000c5480000)
 PSPermGen       total 21504K, used 6031K [0x00000000bae00000, 0x00000000bc300000, 0x00000000c0000000)
  object space 21504K, 28% used [0x00000000bae00000,0x00000000bb3e3e80,0x00000000bc300000)
Event: 9.390 GC heap after
Heap after GC invocations=8 (full 1):
 PSYoungGen      total 137216K, used 11666K [0x00000000eaa80000, 0x00000000ffe80000, 0x0000000100000000)
  eden space 120832K, 0% used [0x00000000eaa80000,0x00000000eaa80000,0x00000000f2080000)
  from space 16384K, 71% used [0x00000000f2080000,0x00000000f2be4830,0x00000000f3080000)
  to   space 53248K, 0% used [0x00000000fca80000,0x00000000fca80000,0x00000000ffe80000)
 ParOldGen       total 154112K, used 86460K [0x00000000c0000000, 0x00000000c9680000, 0x00000000eaa80000)
  object space 154112K, 56% used [0x00000000c0000000,0x00000000c546f2e0,0x00000000c9680000)
 PSPermGen       total 21504K, used 6027K [0x00000000bae00000, 0x00000000bc300000, 0x00000000c0000000)
  object space 21504K, 28% used [0x00000000bae00000,0x00000000bb3e2de0,0x00000000bc300000)
}
Event: 9.474 GC heap before
{Heap before GC invocations=9 (full 1):
 PSYoungGen      total 137216K, used 132498K [0x00000000eaa80000, 0x00000000ffe80000, 0x0000000100000000)
  eden space 120832K, 100% used [0x00000000eaa80000,0x00000000f2080000,0x00000000f2080000)
  from space 16384K, 71% used [0x00000000f2080000,0x00000000f2be4830,0x00000000f3080000)
  to   space 53248K, 0% used [0x00000000fca80000,0x00000000fca80000,0x00000000ffe80000)
 ParOldGen       total 154112K, used 86460K [0x00000000c0000000, 0x00000000c9680000, 0x00000000eaa80000)
  object space 154112K, 56% used [0x00000000c0000000,0x00000000c546f2e0,0x00000000c9680000)
 PSPermGen       total 21504K, used 6027K [0x00000000bae00000, 0x00000000bc300000, 0x00000000c0000000)
  object space 21504K, 28% used [0x00000000bae00000,0x00000000bb3e2de0,0x00000000bc300000)
Event: 9.544 GC heap after
Heap after GC invocations=9 (full 1):
 PSYoungGen      total 216064K, used 53218K [0x00000000eaa80000, 0x00000000ffe80000, 0x0000000100000000)
  eden space 162816K, 0% used [0x00000000eaa80000,0x00000000eaa80000,0x00000000f4980000)
  from space 53248K, 99% used [0x00000000fca80000,0x00000000ffe789b8,0x00000000ffe80000)
  to   space 68608K, 0% used [0x00000000f7880000,0x00000000f7880000,0x00000000fbb80000)
 ParOldGen       total 154112K, used 95931K [0x00000000c0000000, 0x00000000c9680000, 0x00000000eaa80000)
  object space 154112K, 62% used [0x00000000c0000000,0x00000000c5daecc8,0x00000000c9680000)
 PSPermGen       total 21504K, used 6027K [0x00000000bae00000, 0x00000000bc300000, 0x00000000c0000000)
  object space 21504K, 28% used [0x00000000bae00000,0x00000000bb3e2de0,0x00000000bc300000)
}
Event: 10.295 GC heap before
{Heap before GC invocations=10 (full 1):
 PSYoungGen      total 216064K, used 216034K [0x00000000eaa80000, 0x00000000ffe80000, 0x0000000100000000)
  eden space 162816K, 100% used [0x00000000eaa80000,0x00000000f4980000,0x00000000f4980000)
  from space 53248K, 99% used [0x00000000fca80000,0x00000000ffe789b8,0x00000000ffe80000)
  to   space 68608K, 0% used [0x00000000f7880000,0x00000000f7880000,0x00000000fbb80000)
 ParOldGen       total 154112K, used 95931K [0x00000000c0000000, 0x00000000c9680000, 0x00000000eaa80000)
  object space 154112K, 62% used [0x00000000c0000000,0x00000000c5daecc8,0x00000000c9680000)
 PSPermGen       total 21504K, used 6047K [0x00000000bae00000, 0x00000000bc300000, 0x00000000c0000000)
  object space 21504K, 28% used [0x00000000bae00000,0x00000000bb3e7c78,0x00000000bc300000)

